------------------------------------------------------------------------------------------------------------------------

[2018-05-18 17:49:55 #1 store] 
Database 'C:\Users\Amzad\eclipse-workspace\CS-332\flight1.odb' is opened by 10556@Amzad-PC

[2018-05-18 17:49:55 #2 store] 
Configuration path: ?

[2018-05-18 17:49:55 #3 type] 
Type Flight is not enhanced.

[2018-05-18 17:49:55 #4 type] 
Type Airport is not enhanced.

[2018-05-18 17:49:55 #5 type] 
Type Time is not enhanced.

[2018-05-18 17:49:55 #6 type] 
Type City is not enhanced.

------------------------------------------------------------------------------------------------------------------------

[2018-05-18 17:51:17 #1 store] 
Database 'C:\Users\Amzad\eclipse-workspace\CS-332\flight1.odb' is opened by 15056@Amzad-PC

[2018-05-18 17:51:17 #2 store] 
Configuration path: ?

[2018-05-18 17:51:17 #3 type] 
Type Flight is not enhanced.

[2018-05-18 17:51:17 #4 type] 
Type Airport is not enhanced.

[2018-05-18 17:51:17 #5 type] 
Type Time is not enhanced.

[2018-05-18 17:51:17 #6 type] 
Type City is not enhanced.

------------------------------------------------------------------------------------------------------------------------

[2018-05-18 17:51:33 #1 store] 
Database 'C:\Users\Amzad\eclipse-workspace\CS-332\flight1.odb' is opened by 17980@Amzad-PC

[2018-05-18 17:51:33 #2 store] 
Configuration path: ?

[2018-05-18 17:51:33 #3 type] 
Type Flight is not enhanced.

[2018-05-18 17:51:33 #4 type] 
Type Airport is not enhanced.

[2018-05-18 17:51:33 #5 type] 
Type Time is not enhanced.

[2018-05-18 17:51:33 #6 type] 
Type City is not enhanced.

------------------------------------------------------------------------------------------------------------------------

[2018-05-18 19:11:32 #1 store] 
Database 'C:\Users\Amzad\eclipse-workspace\CS-332\flight1.odb' is opened by 5396@Amzad-PC

[2018-05-18 19:11:32 #2 store] 
Configuration path: ?

[2018-05-18 19:11:33 #3 type] 
Type Flight is not enhanced.

[2018-05-18 19:11:33 #4 type] 
Type Airport is not enhanced.

[2018-05-18 19:11:33 #5 type] 
Type Time is not enhanced.

[2018-05-18 19:11:33 #6 type] 
Type City is not enhanced.

------------------------------------------------------------------------------------------------------------------------

[2018-05-18 19:11:48 #1 store] 
Database 'C:\Users\Amzad\eclipse-workspace\CS-332\flight1.odb' is opened by 3468@Amzad-PC

[2018-05-18 19:11:48 #2 store] 
Configuration path: ?

[2018-05-18 19:11:48 #3 type] 
Type Flight is not enhanced.

[2018-05-18 19:11:48 #4 type] 
Type Airport is not enhanced.

[2018-05-18 19:11:48 #5 type] 
Type Time is not enhanced.

[2018-05-18 19:11:48 #6 type] 
Type City is not enhanced.

------------------------------------------------------------------------------------------------------------------------

[2018-05-18 19:12:12 #1 store] 
Database 'C:\Users\Amzad\eclipse-workspace\CS-332\flight1.odb' is opened by 9240@Amzad-PC

[2018-05-18 19:12:12 #2 store] 
Configuration path: ?

[2018-05-18 19:12:12 #3 type] 
Type Flight is not enhanced.

[2018-05-18 19:12:12 #4 type] 
Type Airport is not enhanced.

[2018-05-18 19:12:12 #5 type] 
Type Time is not enhanced.

[2018-05-18 19:12:12 #6 type] 
Type City is not enhanced.

------------------------------------------------------------------------------------------------------------------------

[2018-05-18 19:19:57 #1 store] 
Database 'C:\Users\Amzad\eclipse-workspace\CS-332\flight1.odb' is opened by 16272@Amzad-PC

[2018-05-18 19:19:57 #2 store] 
Configuration path: ?

[2018-05-18 19:19:57 #3 type] 
Type Flight is not enhanced.

[2018-05-18 19:19:57 #4 type] 
Type Airport is not enhanced.

[2018-05-18 19:19:57 #5 type] 
Type Time is not enhanced.

[2018-05-18 19:19:57 #6 type] 
Type City is not enhanced.

------------------------------------------------------------------------------------------------------------------------

[2018-05-18 19:20:15 #1 store] 
Database 'C:\Users\Amzad\eclipse-workspace\CS-332\flight1.odb' is opened by 9224@Amzad-PC

[2018-05-18 19:20:15 #2 store] 
Configuration path: ?

[2018-05-18 19:20:15 #3 type] 
Type Flight is not enhanced.

[2018-05-18 19:20:15 #4 type] 
Type Airport is not enhanced.

[2018-05-18 19:20:15 #5 type] 
Type Time is not enhanced.

[2018-05-18 19:20:15 #6 type] 
Type City is not enhanced.

------------------------------------------------------------------------------------------------------------------------

[2018-05-18 19:20:37 #1 store] 
Database 'C:\Users\Amzad\eclipse-workspace\CS-332\flight1.odb' is opened by 6724@Amzad-PC

[2018-05-18 19:20:37 #2 store] 
Configuration path: ?

[2018-05-18 19:20:37 #3 type] 
Type Flight is not enhanced.

[2018-05-18 19:20:37 #4 type] 
Type Airport is not enhanced.

[2018-05-18 19:20:37 #5 type] 
Type Time is not enhanced.

[2018-05-18 19:20:37 #6 type] 
Type City is not enhanced.

------------------------------------------------------------------------------------------------------------------------

[2018-05-18 19:20:48 #1 store] 
Database 'C:\Users\Amzad\eclipse-workspace\CS-332\flight1.odb' is opened by 11328@Amzad-PC

[2018-05-18 19:20:48 #2 store] 
Configuration path: ?

[2018-05-18 19:20:48 #3 type] 
Type Flight is not enhanced.

[2018-05-18 19:20:48 #4 type] 
Type Airport is not enhanced.

[2018-05-18 19:20:48 #5 type] 
Type Time is not enhanced.

[2018-05-18 19:20:48 #6 type] 
Type City is not enhanced.

------------------------------------------------------------------------------------------------------------------------

[2018-05-18 19:21:18 #1 store] 
Database 'C:\Users\Amzad\eclipse-workspace\CS-332\flight1.odb' is opened by 2932@Amzad-PC

[2018-05-18 19:21:18 #2 store] 
Configuration path: ?

[2018-05-18 19:21:18 #3 type] 
Type Flight is not enhanced.

[2018-05-18 19:21:18 #4 type] 
Type Airport is not enhanced.

[2018-05-18 19:21:18 #5 type] 
Type Time is not enhanced.

[2018-05-18 19:21:18 #6 type] 
Type City is not enhanced.

------------------------------------------------------------------------------------------------------------------------

[2018-05-18 19:21:44 #1 store] 
Database 'C:\Users\Amzad\eclipse-workspace\CS-332\flight1.odb' is opened by 9440@Amzad-PC

[2018-05-18 19:21:44 #2 store] 
Configuration path: ?

[2018-05-18 19:21:44 #3 type] 
Type Flight is not enhanced.

[2018-05-18 19:21:44 #4 type] 
Type Airport is not enhanced.

[2018-05-18 19:21:44 #5 type] 
Type Time is not enhanced.

[2018-05-18 19:21:44 #6 type] 
Type City is not enhanced.

------------------------------------------------------------------------------------------------------------------------

[2018-05-18 19:25:31 #1 store] 
Database 'C:\Users\Amzad\eclipse-workspace\CS-332\flight1.odb' is opened by 12980@Amzad-PC

[2018-05-18 19:25:31 #2 store] 
Configuration path: ?

[2018-05-18 19:25:31 #3 type] 
Type Flight is not enhanced.

[2018-05-18 19:25:31 #4 type] 
Type Airport is not enhanced.

[2018-05-18 19:25:31 #5 type] 
Type Time is not enhanced.

[2018-05-18 19:25:31 #6 type] 
Type City is not enhanced.

------------------------------------------------------------------------------------------------------------------------

[2018-05-18 19:25:38 #1 store] 
Database 'C:\Users\Amzad\eclipse-workspace\CS-332\flight1.odb' is opened by 11116@Amzad-PC

[2018-05-18 19:25:38 #2 store] 
Configuration path: ?

[2018-05-18 19:25:38 #3 type] 
Type Flight is not enhanced.

[2018-05-18 19:25:38 #4 type] 
Type Airport is not enhanced.

[2018-05-18 19:25:38 #5 type] 
Type Time is not enhanced.

[2018-05-18 19:25:38 #6 type] 
Type City is not enhanced.

------------------------------------------------------------------------------------------------------------------------

[2018-05-18 19:25:56 #1 store] 
Database 'C:\Users\Amzad\eclipse-workspace\CS-332\flight1.odb' is opened by 10336@Amzad-PC

[2018-05-18 19:25:56 #2 store] 
Configuration path: ?

[2018-05-18 19:25:56 #3 type] 
Type Flight is not enhanced.

[2018-05-18 19:25:56 #4 type] 
Type Airport is not enhanced.

[2018-05-18 19:25:56 #5 type] 
Type Time is not enhanced.

[2018-05-18 19:25:56 #6 type] 
Type City is not enhanced.

------------------------------------------------------------------------------------------------------------------------

[2018-05-18 19:26:03 #1 store] 
Database 'C:\Users\Amzad\eclipse-workspace\CS-332\flight1.odb' is opened by 3792@Amzad-PC

[2018-05-18 19:26:03 #2 store] 
Configuration path: ?

[2018-05-18 19:26:03 #3 type] 
Type Flight is not enhanced.

[2018-05-18 19:26:03 #4 type] 
Type Airport is not enhanced.

[2018-05-18 19:26:03 #5 type] 
Type Time is not enhanced.

[2018-05-18 19:26:03 #6 type] 
Type City is not enhanced.

------------------------------------------------------------------------------------------------------------------------

[2018-05-18 19:29:15 #1 store] 
Database 'C:\Users\Amzad\eclipse-workspace\CS-332\flight1.odb' is opened by 10188@Amzad-PC

[2018-05-18 19:29:15 #2 store] 
Configuration path: ?

[2018-05-18 19:29:15 #3 type] 
Type Flight is not enhanced.

[2018-05-18 19:29:15 #4 type] 
Type Airport is not enhanced.

[2018-05-18 19:29:15 #5 type] 
Type Time is not enhanced.

[2018-05-18 19:29:15 #6 type] 
Type City is not enhanced.

------------------------------------------------------------------------------------------------------------------------

[2018-05-18 19:30:47 #1 store] 
Database 'C:\Users\Amzad\eclipse-workspace\CS-332\flight1.odb' is opened by 6824@Amzad-PC

[2018-05-18 19:30:47 #2 store] 
Configuration path: ?

[2018-05-18 19:30:47 #3 type] 
Type Flight is not enhanced.

[2018-05-18 19:30:47 #4 type] 
Type Airport is not enhanced.

[2018-05-18 19:30:47 #5 type] 
Type Time is not enhanced.

[2018-05-18 19:30:47 #6 type] 
Type City is not enhanced.

------------------------------------------------------------------------------------------------------------------------

[2018-05-18 19:34:51 #1 store] 
Database 'C:\Users\Amzad\eclipse-workspace\CS-332\flight1.odb' is opened by 10128@Amzad-PC

[2018-05-18 19:34:51 #2 store] 
Configuration path: ?

[2018-05-18 19:34:51 #3 type] 
Type Flight is not enhanced.

[2018-05-18 19:34:51 #4 type] 
Type Airport is not enhanced.

[2018-05-18 19:34:51 #5 type] 
Type Time is not enhanced.

[2018-05-18 19:34:51 #6 type] 
Type City is not enhanced.

------------------------------------------------------------------------------------------------------------------------

[2018-05-18 19:35:40 #1 store] 
Database 'C:\Users\Amzad\eclipse-workspace\CS-332\flight1.odb' is opened by 15972@Amzad-PC

[2018-05-18 19:35:40 #2 store] 
Configuration path: ?

[2018-05-18 19:35:40 #3 type] 
Type Flight is not enhanced.

[2018-05-18 19:35:40 #4 type] 
Type Airport is not enhanced.

[2018-05-18 19:35:40 #5 type] 
Type Time is not enhanced.

[2018-05-18 19:35:40 #6 type] 
Type City is not enhanced.

------------------------------------------------------------------------------------------------------------------------

[2018-05-18 19:37:41 #1 store] 
Database 'C:\Users\Amzad\eclipse-workspace\CS-332\flight1.odb' is opened by 4744@Amzad-PC

[2018-05-18 19:37:41 #2 store] 
Configuration path: ?

[2018-05-18 19:37:41 #3 type] 
Type Flight is not enhanced.

[2018-05-18 19:37:41 #4 type] 
Type Airport is not enhanced.

[2018-05-18 19:37:41 #5 type] 
Type Time is not enhanced.

[2018-05-18 19:37:41 #6 type] 
Type City is not enhanced.

------------------------------------------------------------------------------------------------------------------------

[2018-05-18 19:38:49 #1 store] 
Database 'C:\Users\Amzad\eclipse-workspace\CS-332\flight1.odb' is opened by 5012@Amzad-PC

[2018-05-18 19:38:49 #2 store] 
Configuration path: ?

[2018-05-18 19:38:49 #3 type] 
Type Flight is not enhanced.

[2018-05-18 19:38:49 #4 type] 
Type Airport is not enhanced.

[2018-05-18 19:38:49 #5 type] 
Type Time is not enhanced.

[2018-05-18 19:38:49 #6 type] 
Type City is not enhanced.

------------------------------------------------------------------------------------------------------------------------

[2018-05-18 19:39:08 #1 store] 
Database 'C:\Users\Amzad\eclipse-workspace\CS-332\flight1.odb' is opened by 3544@Amzad-PC

[2018-05-18 19:39:08 #2 store] 
Configuration path: ?

[2018-05-18 19:39:08 #3 type] 
Type Flight is not enhanced.

[2018-05-18 19:39:08 #4 type] 
Type Airport is not enhanced.

[2018-05-18 19:39:08 #5 type] 
Type Time is not enhanced.

[2018-05-18 19:39:08 #6 type] 
Type City is not enhanced.

------------------------------------------------------------------------------------------------------------------------

[2018-05-18 19:41:41 #1 store] 
Database 'C:\Users\Amzad\eclipse-workspace\CS-332\flight1.odb' is opened by 13100@Amzad-PC

[2018-05-18 19:41:41 #2 store] 
Configuration path: ?

[2018-05-18 19:41:41 #3 type] 
Type Flight is not enhanced.

[2018-05-18 19:41:41 #4 type] 
Type Airport is not enhanced.

[2018-05-18 19:41:41 #5 type] 
Type Time is not enhanced.

[2018-05-18 19:41:41 #6 type] 
Type City is not enhanced.

------------------------------------------------------------------------------------------------------------------------

[2018-05-18 19:43:31 #1 store] 
Database 'C:\Users\Amzad\eclipse-workspace\CS-332\flight1.odb' is opened by 16860@Amzad-PC

[2018-05-18 19:43:31 #2 store] 
Configuration path: ?

[2018-05-18 19:43:31 #3 type] 
Type Flight is not enhanced.

[2018-05-18 19:43:31 #4 type] 
Type Airport is not enhanced.

[2018-05-18 19:43:31 #5 type] 
Type Time is not enhanced.

[2018-05-18 19:43:31 #6 type] 
Type City is not enhanced.

------------------------------------------------------------------------------------------------------------------------

[2018-05-18 19:43:57 #1 store] 
Database 'C:\Users\Amzad\eclipse-workspace\CS-332\flight1.odb' is opened by 7924@Amzad-PC

[2018-05-18 19:43:57 #2 store] 
Configuration path: ?

[2018-05-18 19:43:57 #3 type] 
Type Flight is not enhanced.

[2018-05-18 19:43:57 #4 type] 
Type Airport is not enhanced.

[2018-05-18 19:43:57 #5 type] 
Type Time is not enhanced.

[2018-05-18 19:43:57 #6 type] 
Type City is not enhanced.

------------------------------------------------------------------------------------------------------------------------

[2018-05-18 19:44:34 #1 store] 
Database 'C:\Users\Amzad\eclipse-workspace\CS-332\flight1.odb' is opened by 9812@Amzad-PC

[2018-05-18 19:44:34 #2 store] 
Configuration path: ?

[2018-05-18 19:44:34 #3 type] 
Type Flight is not enhanced.

[2018-05-18 19:44:34 #4 type] 
Type Airport is not enhanced.

[2018-05-18 19:44:34 #5 type] 
Type Time is not enhanced.

[2018-05-18 19:44:34 #6 type] 
Type City is not enhanced.

------------------------------------------------------------------------------------------------------------------------

[2018-05-18 19:44:52 #1 store] 
Database 'C:\Users\Amzad\eclipse-workspace\CS-332\flight1.odb' is opened by 14724@Amzad-PC

[2018-05-18 19:44:52 #2 store] 
Configuration path: ?

[2018-05-18 19:44:52 #3 type] 
Type Flight is not enhanced.

[2018-05-18 19:44:52 #4 type] 
Type Airport is not enhanced.

[2018-05-18 19:44:52 #5 type] 
Type Time is not enhanced.

[2018-05-18 19:44:52 #6 type] 
Type City is not enhanced.

------------------------------------------------------------------------------------------------------------------------

[2018-05-18 19:45:11 #1 store] 
Database 'C:\Users\Amzad\eclipse-workspace\CS-332\flight1.odb' is opened by 5012@Amzad-PC

[2018-05-18 19:45:11 #2 store] 
Configuration path: ?

[2018-05-18 19:45:12 #3 type] 
Type Flight is not enhanced.

[2018-05-18 19:45:12 #4 type] 
Type Airport is not enhanced.

[2018-05-18 19:45:12 #5 type] 
Type Time is not enhanced.

[2018-05-18 19:45:12 #6 type] 
Type City is not enhanced.

------------------------------------------------------------------------------------------------------------------------

[2018-05-18 19:45:22 #1 store] 
Database 'C:\Users\Amzad\eclipse-workspace\CS-332\flight1.odb' is opened by 8044@Amzad-PC

[2018-05-18 19:45:22 #2 store] 
Configuration path: ?

[2018-05-18 19:45:22 #3 type] 
Type Flight is not enhanced.

[2018-05-18 19:45:22 #4 type] 
Type Airport is not enhanced.

[2018-05-18 19:45:22 #5 type] 
Type Time is not enhanced.

[2018-05-18 19:45:22 #6 type] 
Type City is not enhanced.

------------------------------------------------------------------------------------------------------------------------

[2018-05-18 19:47:36 #1 store] 
Database 'C:\Users\Amzad\eclipse-workspace\CS-332\flight1.odb' is opened by 6108@Amzad-PC

[2018-05-18 19:47:36 #2 store] 
Configuration path: ?

[2018-05-18 19:47:36 #3 type] 
Type Flight is not enhanced.

[2018-05-18 19:47:36 #4 type] 
Type Airport is not enhanced.

[2018-05-18 19:47:36 #5 type] 
Type Time is not enhanced.

[2018-05-18 19:47:36 #6 type] 
Type City is not enhanced.

------------------------------------------------------------------------------------------------------------------------

[2018-05-18 19:53:15 #1 store] 
Database 'C:\Users\Amzad\eclipse-workspace\CS-332\flight1.odb' is opened by 17096@Amzad-PC

[2018-05-18 19:53:15 #2 store] 
Configuration path: ?

[2018-05-18 19:53:15 #3 type] 
Type Flight is not enhanced.

[2018-05-18 19:53:15 #4 type] 
Type Airport is not enhanced.

[2018-05-18 19:53:15 #5 type] 
Type Time is not enhanced.

[2018-05-18 19:53:15 #6 type] 
Type City is not enhanced.

------------------------------------------------------------------------------------------------------------------------

[2018-05-18 19:55:59 #1 store] 
Database 'C:\Users\Amzad\eclipse-workspace\CS-332\flight1.odb' is opened by 9680@Amzad-PC

[2018-05-18 19:55:59 #2 store] 
Configuration path: ?

[2018-05-18 19:55:59 #3 type] 
Type Flight is not enhanced.

[2018-05-18 19:55:59 #4 type] 
Type Airport is not enhanced.

[2018-05-18 19:55:59 #5 type] 
Type Time is not enhanced.

[2018-05-18 19:55:59 #6 type] 
Type City is not enhanced.

------------------------------------------------------------------------------------------------------------------------

[2018-05-18 19:56:36 #1 store] 
Database 'C:\Users\Amzad\eclipse-workspace\CS-332\flight1.odb' is opened by 3192@Amzad-PC

[2018-05-18 19:56:36 #2 store] 
Configuration path: ?

[2018-05-18 19:56:36 #3 type] 
Type Flight is not enhanced.

[2018-05-18 19:56:36 #4 type] 
Type Airport is not enhanced.

[2018-05-18 19:56:36 #5 type] 
Type Time is not enhanced.

[2018-05-18 19:56:36 #6 type] 
Type City is not enhanced.

------------------------------------------------------------------------------------------------------------------------

[2018-05-18 19:59:29 #1 store] 
Database 'C:\Users\Amzad\eclipse-workspace\CS-332\flight1.odb' is opened by 15536@Amzad-PC

[2018-05-18 19:59:29 #2 store] 
Configuration path: ?

[2018-05-18 19:59:29 #3 type] 
Type Flight is not enhanced.

[2018-05-18 19:59:29 #4 type] 
Type Airport is not enhanced.

[2018-05-18 19:59:29 #5 type] 
Type Time is not enhanced.

[2018-05-18 19:59:29 #6 type] 
Type City is not enhanced.

------------------------------------------------------------------------------------------------------------------------

[2018-05-18 19:59:40 #1 store] 
Database 'C:\Users\Amzad\eclipse-workspace\CS-332\flight1.odb' is opened by 17684@Amzad-PC

[2018-05-18 19:59:40 #2 store] 
Configuration path: ?

[2018-05-18 19:59:40 #3 type] 
Type Flight is not enhanced.

[2018-05-18 19:59:40 #4 type] 
Type Airport is not enhanced.

[2018-05-18 19:59:40 #5 type] 
Type Time is not enhanced.

[2018-05-18 19:59:40 #6 type] 
Type City is not enhanced.

------------------------------------------------------------------------------------------------------------------------

[2018-05-18 20:00:18 #1 store] 
Database 'C:\Users\Amzad\eclipse-workspace\CS-332\flight1.odb' is opened by 2792@Amzad-PC

[2018-05-18 20:00:18 #2 store] 
Configuration path: ?

[2018-05-18 20:00:18 #3 type] 
Type Flight is not enhanced.

[2018-05-18 20:00:18 #4 type] 
Type Airport is not enhanced.

[2018-05-18 20:00:18 #5 type] 
Type Time is not enhanced.

[2018-05-18 20:00:18 #6 type] 
Type City is not enhanced.

------------------------------------------------------------------------------------------------------------------------

[2018-05-18 20:00:27 #1 store] 
Database 'C:\Users\Amzad\eclipse-workspace\CS-332\flight1.odb' is opened by 17880@Amzad-PC

[2018-05-18 20:00:27 #2 store] 
Configuration path: ?

[2018-05-18 20:00:27 #3 type] 
Type Flight is not enhanced.

[2018-05-18 20:00:27 #4 type] 
Type Airport is not enhanced.

[2018-05-18 20:00:27 #5 type] 
Type Time is not enhanced.

[2018-05-18 20:00:27 #6 type] 
Type City is not enhanced.

------------------------------------------------------------------------------------------------------------------------

[2018-05-18 20:19:43 #1 store] 
Database 'C:\Users\Amzad\eclipse-workspace\CS-332\flight1.odb' is opened by 1904@Amzad-PC

[2018-05-18 20:19:43 #2 store] 
Configuration path: ?

[2018-05-18 20:19:43 #3 type] 
Type Flight is not enhanced.

[2018-05-18 20:19:43 #4 type] 
Type Airport is not enhanced.

[2018-05-18 20:19:43 #5 type] 
Type Time is not enhanced.

[2018-05-18 20:19:43 #6 type] 
Type City is not enhanced.

------------------------------------------------------------------------------------------------------------------------

[2018-05-18 20:19:58 #1 store] 
Database 'C:\Users\Amzad\eclipse-workspace\CS-332\flight1.odb' is opened by 15060@Amzad-PC

[2018-05-18 20:19:58 #2 store] 
Configuration path: ?

[2018-05-18 20:19:58 #3 type] 
Type Flight is not enhanced.

[2018-05-18 20:19:58 #4 type] 
Type Airport is not enhanced.

[2018-05-18 20:19:58 #5 type] 
Type Time is not enhanced.

[2018-05-18 20:19:58 #6 type] 
Type City is not enhanced.

------------------------------------------------------------------------------------------------------------------------

[2018-05-18 20:20:32 #1 store] 
Database 'C:\Users\Amzad\eclipse-workspace\CS-332\flight1.odb' is opened by 17676@Amzad-PC

[2018-05-18 20:20:32 #2 store] 
Configuration path: ?

[2018-05-18 20:20:32 #3 type] 
Type Flight is not enhanced.

[2018-05-18 20:20:32 #4 type] 
Type Airport is not enhanced.

[2018-05-18 20:20:32 #5 type] 
Type Time is not enhanced.

[2018-05-18 20:20:32 #6 type] 
Type City is not enhanced.

------------------------------------------------------------------------------------------------------------------------

[2018-05-18 20:36:39 #1 store] 
Database 'C:\Users\Amzad\eclipse-workspace\CS-332\flight1.odb' is opened by 4436@Amzad-PC

[2018-05-18 20:36:39 #2 store] 
Configuration path: ?

[2018-05-18 20:36:39 #3 type] 
Type Flight is not enhanced.

[2018-05-18 20:36:39 #4 type] 
Type Airport is not enhanced.

[2018-05-18 20:36:40 #5 type] 
Type Time is not enhanced.

[2018-05-18 20:36:40 #6 type] 
Type City is not enhanced.

------------------------------------------------------------------------------------------------------------------------

[2018-05-18 20:43:30 #1 store] 
Database 'C:\Users\Amzad\eclipse-workspace\CS-332\flight1.odb' is opened by 2240@Amzad-PC

[2018-05-18 20:43:30 #2 store] 
Configuration path: ?

[2018-05-18 20:43:30 #3 type] 
Type Flight is not enhanced.

[2018-05-18 20:43:30 #4 type] 
Type Airport is not enhanced.

[2018-05-18 20:43:30 #5 type] 
Type Time is not enhanced.

[2018-05-18 20:43:30 #6 type] 
Type City is not enhanced.

------------------------------------------------------------------------------------------------------------------------

[2018-05-18 20:43:45 #1 store] 
Database 'C:\Users\Amzad\eclipse-workspace\CS-332\flight1.odb' is opened by 6276@Amzad-PC

[2018-05-18 20:43:45 #2 store] 
Configuration path: ?

[2018-05-18 20:43:45 #3 type] 
Type Flight is not enhanced.

[2018-05-18 20:43:45 #4 type] 
Type Airport is not enhanced.

[2018-05-18 20:43:45 #5 type] 
Type Time is not enhanced.

[2018-05-18 20:43:45 #6 type] 
Type City is not enhanced.

------------------------------------------------------------------------------------------------------------------------

[2018-05-18 20:44:10 #1 store] 
Database 'C:\Users\Amzad\eclipse-workspace\CS-332\flight1.odb' is opened by 2644@Amzad-PC

[2018-05-18 20:44:10 #2 store] 
Configuration path: ?

[2018-05-18 20:44:10 #3 type] 
Type Flight is not enhanced.

[2018-05-18 20:44:10 #4 type] 
Type Airport is not enhanced.

[2018-05-18 20:44:10 #5 type] 
Type Time is not enhanced.

[2018-05-18 20:44:10 #6 type] 
Type City is not enhanced.

------------------------------------------------------------------------------------------------------------------------

[2018-05-18 20:47:35 #1 store] 
Database 'C:\Users\Amzad\eclipse-workspace\CS-332\flight1.odb' is opened by 18236@Amzad-PC

[2018-05-18 20:47:35 #2 store] 
Configuration path: ?

[2018-05-18 20:47:35 #3 type] 
Type Flight is not enhanced.

[2018-05-18 20:47:35 #4 type] 
Type Airport is not enhanced.

[2018-05-18 20:47:35 #5 type] 
Type Time is not enhanced.

[2018-05-18 20:47:35 #6 type] 
Type City is not enhanced.

------------------------------------------------------------------------------------------------------------------------

[2018-05-18 21:02:43 #1 store] 
Database 'C:\Users\Amzad\eclipse-workspace\CS-332\flight1.odb' is opened by 17428@Amzad-PC

[2018-05-18 21:02:43 #2 store] 
Configuration path: ?

[2018-05-18 21:02:43 #3 type] 
Type Flight is not enhanced.

[2018-05-18 21:02:43 #4 type] 
Type Airport is not enhanced.

[2018-05-18 21:02:43 #5 type] 
Type Time is not enhanced.

[2018-05-18 21:02:43 #6 type] 
Type City is not enhanced.

------------------------------------------------------------------------------------------------------------------------

[2018-05-18 21:02:54 #1 store] 
Database 'C:\Users\Amzad\eclipse-workspace\CS-332\flight1.odb' is opened by 10708@Amzad-PC

[2018-05-18 21:02:54 #2 store] 
Configuration path: ?

[2018-05-18 21:02:54 #3 type] 
Type Flight is not enhanced.

[2018-05-18 21:02:54 #4 type] 
Type Airport is not enhanced.

[2018-05-18 21:02:54 #5 type] 
Type Time is not enhanced.

[2018-05-18 21:02:54 #6 type] 
Type City is not enhanced.

------------------------------------------------------------------------------------------------------------------------

[2018-05-18 21:08:31 #1 store] 
Database 'C:\Users\Amzad\eclipse-workspace\CS-332\flight1.odb' is opened by 8048@Amzad-PC

[2018-05-18 21:08:31 #2 store] 
Configuration path: ?

[2018-05-18 21:08:31 #3 type] 
Type Flight is not enhanced.

[2018-05-18 21:08:31 #4 type] 
Type Airport is not enhanced.

[2018-05-18 21:08:31 #5 type] 
Type Time is not enhanced.

[2018-05-18 21:08:31 #6 type] 
Type City is not enhanced.

------------------------------------------------------------------------------------------------------------------------

[2018-05-18 21:11:06 #1 store] 
Database 'C:\Users\Amzad\eclipse-workspace\CS-332\flight1.odb' is opened by 2452@Amzad-PC

[2018-05-18 21:11:06 #2 store] 
Configuration path: ?

[2018-05-18 21:11:06 #3 type] 
Type Flight is not enhanced.

[2018-05-18 21:11:06 #4 type] 
Type Airport is not enhanced.

[2018-05-18 21:11:06 #5 type] 
Type Time is not enhanced.

[2018-05-18 21:11:06 #6 type] 
Type City is not enhanced.

------------------------------------------------------------------------------------------------------------------------

[2018-05-18 21:11:36 #1 store] 
Database 'C:\Users\Amzad\eclipse-workspace\CS-332\flight1.odb' is opened by 6284@Amzad-PC

[2018-05-18 21:11:36 #2 store] 
Configuration path: ?

[2018-05-18 21:11:36 #3 type] 
Type Flight is not enhanced.

[2018-05-18 21:11:36 #4 type] 
Type Airport is not enhanced.

[2018-05-18 21:11:36 #5 type] 
Type Time is not enhanced.

[2018-05-18 21:11:37 #6 type] 
Type City is not enhanced.

------------------------------------------------------------------------------------------------------------------------

[2018-05-18 21:12:16 #1 store] 
Database 'C:\Users\Amzad\eclipse-workspace\CS-332\flight1.odb' is opened by 13244@Amzad-PC

[2018-05-18 21:12:16 #2 store] 
Configuration path: ?

[2018-05-18 21:12:16 #3 type] 
Type Flight is not enhanced.

[2018-05-18 21:12:16 #4 type] 
Type Airport is not enhanced.

[2018-05-18 21:12:16 #5 type] 
Type Time is not enhanced.

[2018-05-18 21:12:16 #6 type] 
Type City is not enhanced.

------------------------------------------------------------------------------------------------------------------------

[2018-05-18 21:12:54 #1 store] 
Database 'C:\Users\Amzad\eclipse-workspace\CS-332\flight1.odb' is opened by 8144@Amzad-PC

[2018-05-18 21:12:54 #2 store] 
Configuration path: ?

[2018-05-18 21:12:54 #3 type] 
Type Flight is not enhanced.

[2018-05-18 21:12:54 #4 type] 
Type Airport is not enhanced.

[2018-05-18 21:12:54 #5 type] 
Type Time is not enhanced.

[2018-05-18 21:12:54 #6 type] 
Type City is not enhanced.

------------------------------------------------------------------------------------------------------------------------

[2018-05-18 21:15:44 #1 store] 
Database 'C:\Users\Amzad\eclipse-workspace\CS-332\flight1.odb' is opened by 15368@Amzad-PC

[2018-05-18 21:15:44 #2 store] 
Configuration path: ?

[2018-05-18 21:15:44 #3 type] 
Type Flight is not enhanced.

[2018-05-18 21:15:44 #4 type] 
Type Airport is not enhanced.

[2018-05-18 21:15:44 #5 type] 
Type Time is not enhanced.

[2018-05-18 21:15:44 #6 type] 
Type City is not enhanced.

------------------------------------------------------------------------------------------------------------------------

[2018-05-18 21:16:31 #1 store] 
Database 'C:\Users\Amzad\eclipse-workspace\CS-332\flight1.odb' is opened by 10988@Amzad-PC

[2018-05-18 21:16:31 #2 store] 
Configuration path: ?

[2018-05-18 21:16:31 #3 type] 
Type Flight is not enhanced.

[2018-05-18 21:16:31 #4 type] 
Type Airport is not enhanced.

[2018-05-18 21:16:31 #5 type] 
Type Time is not enhanced.

[2018-05-18 21:16:31 #6 type] 
Type City is not enhanced.

------------------------------------------------------------------------------------------------------------------------

[2018-05-18 21:17:51 #1 store] 
Database 'C:\Users\Amzad\eclipse-workspace\CS-332\flight1.odb' is opened by 16624@Amzad-PC

[2018-05-18 21:17:51 #2 store] 
Configuration path: ?

[2018-05-18 21:17:52 #3 type] 
Type Flight is not enhanced.

[2018-05-18 21:17:52 #4 type] 
Type Airport is not enhanced.

[2018-05-18 21:17:52 #5 type] 
Type Time is not enhanced.

[2018-05-18 21:17:52 #6 type] 
Type City is not enhanced.

------------------------------------------------------------------------------------------------------------------------

[2018-05-18 21:17:59 #1 store] 
Database 'C:\Users\Amzad\eclipse-workspace\CS-332\flight1.odb' is opened by 14068@Amzad-PC

[2018-05-18 21:17:59 #2 store] 
Configuration path: ?

[2018-05-18 21:18:00 #3 type] 
Type Flight is not enhanced.

[2018-05-18 21:18:00 #4 type] 
Type Airport is not enhanced.

[2018-05-18 21:18:00 #5 type] 
Type Time is not enhanced.

[2018-05-18 21:18:00 #6 type] 
Type City is not enhanced.

------------------------------------------------------------------------------------------------------------------------

[2018-05-18 21:18:12 #1 store] 
Database 'C:\Users\Amzad\eclipse-workspace\CS-332\flight1.odb' is opened by 6696@Amzad-PC

[2018-05-18 21:18:12 #2 store] 
Configuration path: ?

[2018-05-18 21:18:12 #3 type] 
Type Flight is not enhanced.

[2018-05-18 21:18:12 #4 type] 
Type Airport is not enhanced.

[2018-05-18 21:18:12 #5 type] 
Type Time is not enhanced.

[2018-05-18 21:18:12 #6 type] 
Type City is not enhanced.

------------------------------------------------------------------------------------------------------------------------

[2018-05-18 21:18:24 #1 store] 
Database 'C:\Users\Amzad\eclipse-workspace\CS-332\flight1.odb' is opened by 6536@Amzad-PC

[2018-05-18 21:18:24 #2 store] 
Configuration path: ?

[2018-05-18 21:18:24 #3 type] 
Type Flight is not enhanced.

[2018-05-18 21:18:24 #4 type] 
Type Airport is not enhanced.

[2018-05-18 21:18:24 #5 type] 
Type Time is not enhanced.

[2018-05-18 21:18:24 #6 type] 
Type City is not enhanced.

------------------------------------------------------------------------------------------------------------------------

[2018-05-18 21:19:53 #1 store] 
Database 'C:\Users\Amzad\eclipse-workspace\CS-332\flight1.odb' is opened by 17692@Amzad-PC

[2018-05-18 21:19:53 #2 store] 
Configuration path: ?

[2018-05-18 21:19:53 #3 type] 
Type Flight is not enhanced.

[2018-05-18 21:19:53 #4 type] 
Type Airport is not enhanced.

[2018-05-18 21:19:53 #5 type] 
Type Time is not enhanced.

[2018-05-18 21:19:53 #6 type] 
Type City is not enhanced.

------------------------------------------------------------------------------------------------------------------------

[2018-05-18 21:20:13 #1 store] 
Database 'C:\Users\Amzad\eclipse-workspace\CS-332\flight1.odb' is opened by 9856@Amzad-PC

[2018-05-18 21:20:13 #2 store] 
Configuration path: ?

[2018-05-18 21:20:13 #3 type] 
Type Flight is not enhanced.

[2018-05-18 21:20:13 #4 type] 
Type Airport is not enhanced.

[2018-05-18 21:20:13 #5 type] 
Type Time is not enhanced.

[2018-05-18 21:20:13 #6 type] 
Type City is not enhanced.

------------------------------------------------------------------------------------------------------------------------

[2018-05-18 21:20:21 #1 store] 
Database 'C:\Users\Amzad\eclipse-workspace\CS-332\flight1.odb' is opened by 3744@Amzad-PC

[2018-05-18 21:20:21 #2 store] 
Configuration path: ?

[2018-05-18 21:20:21 #3 type] 
Type Flight is not enhanced.

[2018-05-18 21:20:21 #4 type] 
Type Airport is not enhanced.

[2018-05-18 21:20:21 #5 type] 
Type Time is not enhanced.

[2018-05-18 21:20:21 #6 type] 
Type City is not enhanced.

------------------------------------------------------------------------------------------------------------------------

[2018-05-18 21:21:18 #1 store] 
Database 'C:\Users\Amzad\eclipse-workspace\CS-332\flight1.odb' is opened by 7476@Amzad-PC

[2018-05-18 21:21:18 #2 store] 
Configuration path: ?

[2018-05-18 21:21:18 #3 type] 
Type Flight is not enhanced.

[2018-05-18 21:21:18 #4 type] 
Type Airport is not enhanced.

[2018-05-18 21:21:18 #5 type] 
Type Time is not enhanced.

[2018-05-18 21:21:18 #6 type] 
Type City is not enhanced.

------------------------------------------------------------------------------------------------------------------------

[2018-05-18 21:23:39 #1 store] 
Database 'C:\Users\Amzad\eclipse-workspace\CS-332\flight1.odb' is opened by 1904@Amzad-PC

[2018-05-18 21:23:39 #2 store] 
Configuration path: ?

[2018-05-18 21:23:39 #3 type] 
Type Flight is not enhanced.

[2018-05-18 21:23:39 #4 type] 
Type Airport is not enhanced.

[2018-05-18 21:23:39 #5 type] 
Type Time is not enhanced.

[2018-05-18 21:23:39 #6 type] 
Type City is not enhanced.

------------------------------------------------------------------------------------------------------------------------

[2018-05-18 21:24:51 #1 store] 
Database 'C:\Users\Amzad\eclipse-workspace\CS-332\flight1.odb' is opened by 17516@Amzad-PC

[2018-05-18 21:24:51 #2 store] 
Configuration path: ?

[2018-05-18 21:24:51 #3 type] 
Type Flight is not enhanced.

[2018-05-18 21:24:51 #4 type] 
Type Airport is not enhanced.

[2018-05-18 21:24:51 #5 type] 
Type Time is not enhanced.

[2018-05-18 21:24:51 #6 type] 
Type City is not enhanced.

------------------------------------------------------------------------------------------------------------------------

[2018-05-18 21:25:01 #1 store] 
Database 'C:\Users\Amzad\eclipse-workspace\CS-332\flight1.odb' is opened by 4600@Amzad-PC

[2018-05-18 21:25:01 #2 store] 
Configuration path: ?

[2018-05-18 21:25:01 #3 type] 
Type Flight is not enhanced.

[2018-05-18 21:25:01 #4 type] 
Type Airport is not enhanced.

[2018-05-18 21:25:01 #5 type] 
Type Time is not enhanced.

[2018-05-18 21:25:01 #6 type] 
Type City is not enhanced.

------------------------------------------------------------------------------------------------------------------------

[2018-05-18 21:25:23 #1 store] 
Database 'C:\Users\Amzad\eclipse-workspace\CS-332\flight1.odb' is opened by 16972@Amzad-PC

[2018-05-18 21:25:23 #2 store] 
Configuration path: ?

[2018-05-18 21:25:23 #3 type] 
Type Flight is not enhanced.

[2018-05-18 21:25:23 #4 type] 
Type Airport is not enhanced.

[2018-05-18 21:25:23 #5 type] 
Type Time is not enhanced.

[2018-05-18 21:25:23 #6 type] 
Type City is not enhanced.

------------------------------------------------------------------------------------------------------------------------

[2018-05-18 21:25:35 #1 store] 
Database 'C:\Users\Amzad\eclipse-workspace\CS-332\flight1.odb' is opened by 18076@Amzad-PC

[2018-05-18 21:25:35 #2 store] 
Configuration path: ?

[2018-05-18 21:25:35 #3 type] 
Type Flight is not enhanced.

[2018-05-18 21:25:35 #4 type] 
Type Airport is not enhanced.

[2018-05-18 21:25:35 #5 type] 
Type Time is not enhanced.

[2018-05-18 21:25:35 #6 type] 
Type City is not enhanced.

------------------------------------------------------------------------------------------------------------------------

[2018-05-18 21:25:48 #1 store] 
Database 'C:\Users\Amzad\eclipse-workspace\CS-332\flight1.odb' is opened by 7636@Amzad-PC

[2018-05-18 21:25:48 #2 store] 
Configuration path: ?

[2018-05-18 21:25:48 #3 type] 
Type Flight is not enhanced.

[2018-05-18 21:25:48 #4 type] 
Type Airport is not enhanced.

[2018-05-18 21:25:48 #5 type] 
Type Time is not enhanced.

[2018-05-18 21:25:48 #6 type] 
Type City is not enhanced.

------------------------------------------------------------------------------------------------------------------------

[2018-05-18 21:25:53 #1 store] 
Database 'C:\Users\Amzad\eclipse-workspace\CS-332\flight1.odb' is opened by 2000@Amzad-PC

[2018-05-18 21:25:53 #2 store] 
Configuration path: ?

[2018-05-18 21:25:53 #3 type] 
Type Flight is not enhanced.

[2018-05-18 21:25:53 #4 type] 
Type Airport is not enhanced.

[2018-05-18 21:25:53 #5 type] 
Type Time is not enhanced.

[2018-05-18 21:25:53 #6 type] 
Type City is not enhanced.

------------------------------------------------------------------------------------------------------------------------

[2018-05-18 21:27:04 #1 store] 
Database 'C:\Users\Amzad\eclipse-workspace\CS-332\flight1.odb' is opened by 7108@Amzad-PC

[2018-05-18 21:27:04 #2 store] 
Configuration path: ?

[2018-05-18 21:27:04 #3 type] 
Type Flight is not enhanced.

[2018-05-18 21:27:04 #4 type] 
Type Airport is not enhanced.

[2018-05-18 21:27:04 #5 type] 
Type Time is not enhanced.

[2018-05-18 21:27:04 #6 type] 
Type City is not enhanced.

------------------------------------------------------------------------------------------------------------------------

[2018-05-18 21:27:12 #1 store] 
Database 'C:\Users\Amzad\eclipse-workspace\CS-332\flight1.odb' is opened by 2008@Amzad-PC

[2018-05-18 21:27:12 #2 store] 
Configuration path: ?

[2018-05-18 21:27:12 #3 type] 
Type Flight is not enhanced.

[2018-05-18 21:27:12 #4 type] 
Type Airport is not enhanced.

[2018-05-18 21:27:12 #5 type] 
Type Time is not enhanced.

[2018-05-18 21:27:12 #6 type] 
Type City is not enhanced.

------------------------------------------------------------------------------------------------------------------------

[2018-05-18 21:27:22 #1 store] 
Database 'C:\Users\Amzad\eclipse-workspace\CS-332\flight1.odb' is opened by 4516@Amzad-PC

[2018-05-18 21:27:22 #2 store] 
Configuration path: ?

[2018-05-18 21:27:22 #3 type] 
Type Flight is not enhanced.

[2018-05-18 21:27:22 #4 type] 
Type Airport is not enhanced.

[2018-05-18 21:27:22 #5 type] 
Type Time is not enhanced.

[2018-05-18 21:27:22 #6 type] 
Type City is not enhanced.

------------------------------------------------------------------------------------------------------------------------

[2018-05-18 21:27:57 #1 store] 
Database 'C:\Users\Amzad\eclipse-workspace\CS-332\flight1.odb' is opened by 9744@Amzad-PC

[2018-05-18 21:27:57 #2 store] 
Configuration path: ?

[2018-05-18 21:27:57 #3 type] 
Type Flight is not enhanced.

[2018-05-18 21:27:57 #4 type] 
Type Airport is not enhanced.

[2018-05-18 21:27:57 #5 type] 
Type Time is not enhanced.

[2018-05-18 21:27:57 #6 type] 
Type City is not enhanced.

------------------------------------------------------------------------------------------------------------------------

[2018-05-18 21:29:59 #1 store] 
Database 'C:\Users\Amzad\eclipse-workspace\CS-332\flight1.odb' is opened by 18204@Amzad-PC

[2018-05-18 21:29:59 #2 store] 
Configuration path: ?

[2018-05-18 21:29:59 #3 type] 
Type Flight is not enhanced.

[2018-05-18 21:29:59 #4 type] 
Type Airport is not enhanced.

[2018-05-18 21:29:59 #5 type] 
Type Time is not enhanced.

[2018-05-18 21:29:59 #6 type] 
Type City is not enhanced.

------------------------------------------------------------------------------------------------------------------------

[2018-05-18 21:30:13 #1 store] 
Database 'C:\Users\Amzad\eclipse-workspace\CS-332\flight1.odb' is opened by 9804@Amzad-PC

[2018-05-18 21:30:13 #2 store] 
Configuration path: ?

[2018-05-18 21:30:13 #3 type] 
Type Flight is not enhanced.

[2018-05-18 21:30:13 #4 type] 
Type Airport is not enhanced.

[2018-05-18 21:30:13 #5 type] 
Type Time is not enhanced.

[2018-05-18 21:30:13 #6 type] 
Type City is not enhanced.

------------------------------------------------------------------------------------------------------------------------

[2018-05-18 21:30:22 #1 store] 
Database 'C:\Users\Amzad\eclipse-workspace\CS-332\flight1.odb' is opened by 11628@Amzad-PC

[2018-05-18 21:30:22 #2 store] 
Configuration path: ?

[2018-05-18 21:30:22 #3 type] 
Type Flight is not enhanced.

[2018-05-18 21:30:22 #4 type] 
Type Airport is not enhanced.

[2018-05-18 21:30:22 #5 type] 
Type Time is not enhanced.

[2018-05-18 21:30:22 #6 type] 
Type City is not enhanced.

------------------------------------------------------------------------------------------------------------------------

[2018-05-18 21:32:19 #1 store] 
Database 'C:\Users\Amzad\eclipse-workspace\CS-332\flight1.odb' is opened by 18168@Amzad-PC

[2018-05-18 21:32:19 #2 store] 
Configuration path: ?

[2018-05-18 21:32:20 #3 type] 
Type Flight is not enhanced.

[2018-05-18 21:32:20 #4 type] 
Type Airport is not enhanced.

[2018-05-18 21:32:20 #5 type] 
Type Time is not enhanced.

[2018-05-18 21:32:20 #6 type] 
Type City is not enhanced.

------------------------------------------------------------------------------------------------------------------------

[2018-05-18 21:32:41 #1 store] 
Database 'C:\Users\Amzad\eclipse-workspace\CS-332\flight1.odb' is opened by 11312@Amzad-PC

[2018-05-18 21:32:41 #2 store] 
Configuration path: ?

[2018-05-18 21:32:41 #3 type] 
Type Flight is not enhanced.

[2018-05-18 21:32:41 #4 type] 
Type Airport is not enhanced.

[2018-05-18 21:32:41 #5 type] 
Type Time is not enhanced.

[2018-05-18 21:32:41 #6 type] 
Type City is not enhanced.

------------------------------------------------------------------------------------------------------------------------

[2018-05-18 21:33:05 #1 store] 
Database 'C:\Users\Amzad\eclipse-workspace\CS-332\flight1.odb' is opened by 5308@Amzad-PC

[2018-05-18 21:33:05 #2 store] 
Configuration path: ?

[2018-05-18 21:33:05 #3 type] 
Type Flight is not enhanced.

[2018-05-18 21:33:05 #4 type] 
Type Airport is not enhanced.

[2018-05-18 21:33:05 #5 type] 
Type Time is not enhanced.

[2018-05-18 21:33:05 #6 type] 
Type City is not enhanced.

------------------------------------------------------------------------------------------------------------------------

[2018-05-18 21:36:18 #1 store] 
Database 'C:\Users\Amzad\eclipse-workspace\CS-332\flight1.odb' is opened by 5772@Amzad-PC

[2018-05-18 21:36:18 #2 store] 
Configuration path: ?

[2018-05-18 21:36:18 #3 type] 
Type Flight is not enhanced.

[2018-05-18 21:36:18 #4 type] 
Type Airport is not enhanced.

[2018-05-18 21:36:18 #5 type] 
Type Time is not enhanced.

[2018-05-18 21:36:18 #6 type] 
Type City is not enhanced.

------------------------------------------------------------------------------------------------------------------------

[2018-05-18 21:38:57 #1 store] 
Database 'C:\Users\Amzad\eclipse-workspace\CS-332\flight1.odb' is opened by 8368@Amzad-PC

[2018-05-18 21:38:57 #2 store] 
Configuration path: ?

[2018-05-18 21:38:57 #3 type] 
Type Flight is not enhanced.

[2018-05-18 21:38:57 #4 type] 
Type Airport is not enhanced.

[2018-05-18 21:38:57 #5 type] 
Type Time is not enhanced.

[2018-05-18 21:38:57 #6 type] 
Type City is not enhanced.

------------------------------------------------------------------------------------------------------------------------

[2018-05-18 21:40:31 #1 store] 
Database 'C:\Users\Amzad\eclipse-workspace\CS-332\flight1.odb' is opened by 3236@Amzad-PC

[2018-05-18 21:40:31 #2 store] 
Configuration path: ?

[2018-05-18 21:40:31 #3 type] 
Type Flight is not enhanced.

[2018-05-18 21:40:31 #4 type] 
Type Airport is not enhanced.

[2018-05-18 21:40:31 #5 type] 
Type Time is not enhanced.

[2018-05-18 21:40:31 #6 type] 
Type City is not enhanced.

------------------------------------------------------------------------------------------------------------------------

[2018-05-18 21:41:37 #1 store] 
Database 'C:\Users\Amzad\eclipse-workspace\CS-332\flight1.odb' is opened by 10368@Amzad-PC

[2018-05-18 21:41:37 #2 store] 
Configuration path: ?

[2018-05-18 21:41:37 #3 type] 
Type Flight is not enhanced.

[2018-05-18 21:41:37 #4 type] 
Type Airport is not enhanced.

[2018-05-18 21:41:37 #5 type] 
Type Time is not enhanced.

[2018-05-18 21:41:37 #6 type] 
Type City is not enhanced.

------------------------------------------------------------------------------------------------------------------------

[2018-05-18 21:42:06 #1 store] 
Database 'C:\Users\Amzad\eclipse-workspace\CS-332\flight1.odb' is opened by 8044@Amzad-PC

[2018-05-18 21:42:06 #2 store] 
Configuration path: ?

[2018-05-18 21:42:06 #3 type] 
Type Flight is not enhanced.

[2018-05-18 21:42:06 #4 type] 
Type Airport is not enhanced.

[2018-05-18 21:42:06 #5 type] 
Type Time is not enhanced.

[2018-05-18 21:42:06 #6 type] 
Type City is not enhanced.

------------------------------------------------------------------------------------------------------------------------

[2018-05-18 21:42:42 #1 store] 
Database 'C:\Users\Amzad\eclipse-workspace\CS-332\flight1.odb' is opened by 10676@Amzad-PC

[2018-05-18 21:42:42 #2 store] 
Configuration path: ?

[2018-05-18 21:42:42 #3 type] 
Type Flight is not enhanced.

[2018-05-18 21:42:42 #4 type] 
Type Airport is not enhanced.

[2018-05-18 21:42:42 #5 type] 
Type Time is not enhanced.

[2018-05-18 21:42:42 #6 type] 
Type City is not enhanced.

------------------------------------------------------------------------------------------------------------------------

[2018-05-18 21:43:00 #1 store] 
Database 'C:\Users\Amzad\eclipse-workspace\CS-332\flight1.odb' is opened by 17620@Amzad-PC

[2018-05-18 21:43:00 #2 store] 
Configuration path: ?

[2018-05-18 21:43:00 #3 type] 
Type Flight is not enhanced.

[2018-05-18 21:43:00 #4 type] 
Type Airport is not enhanced.

[2018-05-18 21:43:00 #5 type] 
Type Time is not enhanced.

[2018-05-18 21:43:00 #6 type] 
Type City is not enhanced.

------------------------------------------------------------------------------------------------------------------------

[2018-05-18 21:43:12 #1 store] 
Database 'C:\Users\Amzad\eclipse-workspace\CS-332\flight1.odb' is opened by 14504@Amzad-PC

[2018-05-18 21:43:12 #2 store] 
Configuration path: ?

[2018-05-18 21:43:12 #3 type] 
Type Flight is not enhanced.

[2018-05-18 21:43:12 #4 type] 
Type Airport is not enhanced.

[2018-05-18 21:43:12 #5 type] 
Type Time is not enhanced.

[2018-05-18 21:43:12 #6 type] 
Type City is not enhanced.

------------------------------------------------------------------------------------------------------------------------

[2018-05-18 21:43:15 #1 store] 
Database 'C:\Users\Amzad\eclipse-workspace\CS-332\flight1.odb' is opened by 9244@Amzad-PC

[2018-05-18 21:43:15 #2 store] 
Configuration path: ?

[2018-05-18 21:43:15 #3 type] 
Type Flight is not enhanced.

[2018-05-18 21:43:15 #4 type] 
Type Airport is not enhanced.

[2018-05-18 21:43:15 #5 type] 
Type Time is not enhanced.

[2018-05-18 21:43:15 #6 type] 
Type City is not enhanced.

------------------------------------------------------------------------------------------------------------------------

[2018-05-18 21:43:23 #1 store] 
Database 'C:\Users\Amzad\eclipse-workspace\CS-332\flight1.odb' is opened by 17648@Amzad-PC

[2018-05-18 21:43:23 #2 store] 
Configuration path: ?

[2018-05-18 21:43:23 #3 type] 
Type Flight is not enhanced.

[2018-05-18 21:43:23 #4 type] 
Type Airport is not enhanced.

[2018-05-18 21:43:23 #5 type] 
Type Time is not enhanced.

[2018-05-18 21:43:23 #6 type] 
Type City is not enhanced.

------------------------------------------------------------------------------------------------------------------------

[2018-05-18 21:44:05 #1 store] 
Database 'C:\Users\Amzad\eclipse-workspace\CS-332\flight1.odb' is opened by 8768@Amzad-PC

[2018-05-18 21:44:05 #2 store] 
Configuration path: ?

[2018-05-18 21:44:05 #3 type] 
Type Flight is not enhanced.

[2018-05-18 21:44:05 #4 type] 
Type Airport is not enhanced.

[2018-05-18 21:44:05 #5 type] 
Type Time is not enhanced.

[2018-05-18 21:44:05 #6 type] 
Type City is not enhanced.

------------------------------------------------------------------------------------------------------------------------

[2018-05-18 21:44:21 #1 store] 
Database 'C:\Users\Amzad\eclipse-workspace\CS-332\flight1.odb' is opened by 10708@Amzad-PC

[2018-05-18 21:44:21 #2 store] 
Configuration path: ?

[2018-05-18 21:44:21 #3 type] 
Type Flight is not enhanced.

[2018-05-18 21:44:21 #4 type] 
Type Airport is not enhanced.

[2018-05-18 21:44:21 #5 type] 
Type Time is not enhanced.

[2018-05-18 21:44:21 #6 type] 
Type City is not enhanced.

------------------------------------------------------------------------------------------------------------------------

[2018-05-18 21:44:30 #1 store] 
Database 'C:\Users\Amzad\eclipse-workspace\CS-332\flight1.odb' is opened by 16272@Amzad-PC

[2018-05-18 21:44:30 #2 store] 
Configuration path: ?

[2018-05-18 21:44:30 #3 type] 
Type Flight is not enhanced.

[2018-05-18 21:44:30 #4 type] 
Type Airport is not enhanced.

[2018-05-18 21:44:30 #5 type] 
Type Time is not enhanced.

[2018-05-18 21:44:30 #6 type] 
Type City is not enhanced.

------------------------------------------------------------------------------------------------------------------------

[2018-05-18 21:47:47 #1 store] 
Database 'C:\Users\Amzad\eclipse-workspace\CS-332\flight1.odb' is opened by 17520@Amzad-PC

[2018-05-18 21:47:47 #2 store] 
Configuration path: ?

[2018-05-18 21:47:48 #3 type] 
Type Flight is not enhanced.

[2018-05-18 21:47:48 #4 type] 
Type Airport is not enhanced.

[2018-05-18 21:47:48 #5 type] 
Type Time is not enhanced.

[2018-05-18 21:47:48 #6 type] 
Type City is not enhanced.

------------------------------------------------------------------------------------------------------------------------

[2018-05-18 21:48:37 #1 store] 
Database 'C:\Users\Amzad\eclipse-workspace\CS-332\flight1.odb' is opened by 14352@Amzad-PC

[2018-05-18 21:48:37 #2 store] 
Configuration path: ?

[2018-05-18 21:48:37 #3 type] 
Type Flight is not enhanced.

[2018-05-18 21:48:37 #4 type] 
Type Airport is not enhanced.

[2018-05-18 21:48:37 #5 type] 
Type Time is not enhanced.

[2018-05-18 21:48:37 #6 type] 
Type City is not enhanced.

[2018-05-18 21:48:37 #7 store] 
Database 'C:\Users\Amzad\eclipse-workspace\CS-332\flight1.odb' is closed by 14352@Amzad-PC

------------------------------------------------------------------------------------------------------------------------

[2018-05-18 21:51:39 #1 store] 
Database 'C:\Users\Amzad\eclipse-workspace\CS-332\flight1.odb' is opened by 5776@Amzad-PC

[2018-05-18 21:51:39 #2 store] 
Configuration path: ?

[2018-05-18 21:51:39 #3 type] 
Type Flight is not enhanced.

[2018-05-18 21:51:39 #4 type] 
Type Airport is not enhanced.

[2018-05-18 21:51:39 #5 type] 
Type Time is not enhanced.

[2018-05-18 21:51:39 #6 type] 
Type City is not enhanced.

------------------------------------------------------------------------------------------------------------------------

[2018-05-18 21:51:55 #1 store] 
Database 'C:\Users\Amzad\eclipse-workspace\CS-332\flight1.odb' is opened by 3512@Amzad-PC

[2018-05-18 21:51:55 #2 store] 
Configuration path: ?

[2018-05-18 21:51:56 #3 type] 
Type Flight is not enhanced.

[2018-05-18 21:51:56 #4 type] 
Type Airport is not enhanced.

[2018-05-18 21:51:56 #5 type] 
Type Time is not enhanced.

[2018-05-18 21:51:56 #6 type] 
Type City is not enhanced.

[2018-05-18 21:51:56 #7 store] 
Database 'C:\Users\Amzad\eclipse-workspace\CS-332\flight1.odb' is closed by 3512@Amzad-PC

------------------------------------------------------------------------------------------------------------------------

[2018-05-18 21:52:14 #1 store] 
Database 'C:\Users\Amzad\eclipse-workspace\CS-332\flight1.odb' is opened by 5276@Amzad-PC

[2018-05-18 21:52:14 #2 store] 
Configuration path: ?

[2018-05-18 21:52:14 #3 type] 
Type Flight is not enhanced.

[2018-05-18 21:52:14 #4 type] 
Type Airport is not enhanced.

[2018-05-18 21:52:14 #5 type] 
Type Time is not enhanced.

[2018-05-18 21:52:14 #6 type] 
Type City is not enhanced.

------------------------------------------------------------------------------------------------------------------------

[2018-05-18 21:52:34 #1 store] 
Database 'C:\Users\Amzad\eclipse-workspace\CS-332\flight1.odb' is opened by 1688@Amzad-PC

[2018-05-18 21:52:34 #2 store] 
Configuration path: ?

[2018-05-18 21:52:34 #3 type] 
Type Flight is not enhanced.

[2018-05-18 21:52:34 #4 type] 
Type Airport is not enhanced.

[2018-05-18 21:52:34 #5 type] 
Type Time is not enhanced.

[2018-05-18 21:52:34 #6 type] 
Type City is not enhanced.

------------------------------------------------------------------------------------------------------------------------

[2018-05-18 21:53:29 #1 store] 
Database 'C:\Users\Amzad\eclipse-workspace\CS-332\flight1.odb' is opened by 10084@Amzad-PC

[2018-05-18 21:53:29 #2 store] 
Configuration path: ?

[2018-05-18 21:53:29 #3 type] 
Type Flight is not enhanced.

[2018-05-18 21:53:29 #4 type] 
Type Airport is not enhanced.

[2018-05-18 21:53:29 #5 type] 
Type Time is not enhanced.

[2018-05-18 21:53:29 #6 type] 
Type City is not enhanced.

------------------------------------------------------------------------------------------------------------------------

[2018-05-18 21:54:50 #1 store] 
Database 'C:\Users\Amzad\eclipse-workspace\CS-332\flight1.odb' is opened by 14356@Amzad-PC

[2018-05-18 21:54:50 #2 store] 
Configuration path: ?

[2018-05-18 21:54:50 #3 type] 
Type Flight is not enhanced.

[2018-05-18 21:54:50 #4 type] 
Type Airport is not enhanced.

[2018-05-18 21:54:50 #5 type] 
Type Time is not enhanced.

[2018-05-18 21:54:50 #6 type] 
Type City is not enhanced.

------------------------------------------------------------------------------------------------------------------------

[2018-05-18 21:56:36 #1 store] 
Database 'C:\Users\Amzad\eclipse-workspace\CS-332\flight1.odb' is opened by 7048@Amzad-PC

[2018-05-18 21:56:36 #2 store] 
Configuration path: ?

[2018-05-18 21:56:36 #3 type] 
Type Flight is not enhanced.

[2018-05-18 21:56:36 #4 type] 
Type Airport is not enhanced.

[2018-05-18 21:56:36 #5 type] 
Type Time is not enhanced.

[2018-05-18 21:56:36 #6 type] 
Type City is not enhanced.

------------------------------------------------------------------------------------------------------------------------

[2018-05-18 22:01:29 #1 store] 
Database 'C:\Users\Amzad\eclipse-workspace\CS-332\flight1.odb' is opened by 18364@Amzad-PC

[2018-05-18 22:01:29 #2 store] 
Configuration path: ?

[2018-05-18 22:01:29 #3 type] 
Type Flight is not enhanced.

[2018-05-18 22:01:29 #4 type] 
Type Airport is not enhanced.

[2018-05-18 22:01:29 #5 type] 
Type Time is not enhanced.

[2018-05-18 22:01:29 #6 type] 
Type City is not enhanced.

------------------------------------------------------------------------------------------------------------------------

[2018-05-18 22:02:17 #1 store] 
Database 'C:\Users\Amzad\eclipse-workspace\CS-332\flight1.odb' is opened by 14024@Amzad-PC

[2018-05-18 22:02:17 #2 store] 
Configuration path: ?

[2018-05-18 22:02:17 #3 type] 
Type Flight is not enhanced.

[2018-05-18 22:02:17 #4 type] 
Type Airport is not enhanced.

[2018-05-18 22:02:17 #5 type] 
Type Time is not enhanced.

[2018-05-18 22:02:17 #6 type] 
Type City is not enhanced.

------------------------------------------------------------------------------------------------------------------------

[2018-05-18 22:05:05 #1 store] 
Database 'C:\Users\Amzad\eclipse-workspace\CS-332\flight1.odb' is opened by 6636@Amzad-PC

[2018-05-18 22:05:05 #2 store] 
Configuration path: ?

[2018-05-18 22:05:06 #3 type] 
Type Flight is not enhanced.

[2018-05-18 22:05:06 #4 type] 
Type Airport is not enhanced.

[2018-05-18 22:05:06 #5 type] 
Type Time is not enhanced.

[2018-05-18 22:05:06 #6 type] 
Type City is not enhanced.

------------------------------------------------------------------------------------------------------------------------

[2018-05-18 22:05:15 #1 store] 
Database 'C:\Users\Amzad\eclipse-workspace\CS-332\flight1.odb' is opened by 5884@Amzad-PC

[2018-05-18 22:05:15 #2 store] 
Configuration path: ?

[2018-05-18 22:05:15 #3 type] 
Type Flight is not enhanced.

[2018-05-18 22:05:15 #4 type] 
Type Airport is not enhanced.

[2018-05-18 22:05:15 #5 type] 
Type Time is not enhanced.

[2018-05-18 22:05:15 #6 type] 
Type City is not enhanced.

------------------------------------------------------------------------------------------------------------------------

[2018-05-18 22:06:49 #1 store] 
Database 'C:\Users\Amzad\eclipse-workspace\CS-332\flight1.odb' is opened by 6560@Amzad-PC

[2018-05-18 22:06:49 #2 store] 
Configuration path: ?

[2018-05-18 22:06:49 #3 type] 
Type Flight is not enhanced.

[2018-05-18 22:06:49 #4 type] 
Type Airport is not enhanced.

[2018-05-18 22:06:49 #5 type] 
Type Time is not enhanced.

[2018-05-18 22:06:49 #6 type] 
Type City is not enhanced.

------------------------------------------------------------------------------------------------------------------------

[2018-05-18 22:06:58 #1 store] 
Database 'C:\Users\Amzad\eclipse-workspace\CS-332\flight1.odb' is opened by 18148@Amzad-PC

[2018-05-18 22:06:58 #2 store] 
Configuration path: ?

[2018-05-18 22:06:58 #3 type] 
Type Flight is not enhanced.

[2018-05-18 22:06:58 #4 type] 
Type Airport is not enhanced.

[2018-05-18 22:06:58 #5 type] 
Type Time is not enhanced.

[2018-05-18 22:06:58 #6 type] 
Type City is not enhanced.

------------------------------------------------------------------------------------------------------------------------

[2018-05-18 22:07:42 #1 store] 
Database 'C:\Users\Amzad\eclipse-workspace\CS-332\flight1.odb' is opened by 1688@Amzad-PC

[2018-05-18 22:07:42 #2 store] 
Configuration path: ?

[2018-05-18 22:07:42 #3 type] 
Type Flight is not enhanced.

[2018-05-18 22:07:42 #4 type] 
Type Airport is not enhanced.

[2018-05-18 22:07:42 #5 type] 
Type Time is not enhanced.

[2018-05-18 22:07:42 #6 type] 
Type City is not enhanced.

------------------------------------------------------------------------------------------------------------------------

[2018-05-18 22:10:28 #1 store] 
Database 'C:\Users\Amzad\eclipse-workspace\CS-332\flight1.odb' is opened by 5244@Amzad-PC

[2018-05-18 22:10:28 #2 store] 
Configuration path: ?

[2018-05-18 22:10:28 #3 type] 
Type Flight is not enhanced.

[2018-05-18 22:10:28 #4 type] 
Type Airport is not enhanced.

[2018-05-18 22:10:28 #5 type] 
Type Time is not enhanced.

[2018-05-18 22:10:28 #6 type] 
Type City is not enhanced.

------------------------------------------------------------------------------------------------------------------------

[2018-05-18 22:11:37 #1 store] 
Database 'C:\Users\Amzad\eclipse-workspace\CS-332\flight1.odb' is opened by 18024@Amzad-PC

[2018-05-18 22:11:37 #2 store] 
Configuration path: ?

[2018-05-18 22:11:37 #3 type] 
Type Flight is not enhanced.

[2018-05-18 22:11:37 #4 type] 
Type Airport is not enhanced.

[2018-05-18 22:11:37 #5 type] 
Type Time is not enhanced.

[2018-05-18 22:11:37 #6 type] 
Type City is not enhanced.

------------------------------------------------------------------------------------------------------------------------

[2018-05-18 22:13:46 #1 store] 
Database 'C:\Users\Amzad\eclipse-workspace\CS-332\flight1.odb' is opened by 6400@Amzad-PC

[2018-05-18 22:13:46 #2 store] 
Configuration path: ?

[2018-05-18 22:13:46 #3 type] 
Type Flight is not enhanced.

[2018-05-18 22:13:46 #4 type] 
Type Airport is not enhanced.

[2018-05-18 22:13:46 #5 type] 
Type Time is not enhanced.

[2018-05-18 22:13:46 #6 type] 
Type City is not enhanced.

------------------------------------------------------------------------------------------------------------------------

[2018-05-18 22:14:29 #1 store] 
Database 'C:\Users\Amzad\eclipse-workspace\CS-332\flight1.odb' is opened by 2856@Amzad-PC

[2018-05-18 22:14:29 #2 store] 
Configuration path: ?

[2018-05-18 22:14:29 #3 type] 
Type Flight is not enhanced.

[2018-05-18 22:14:29 #4 type] 
Type Airport is not enhanced.

[2018-05-18 22:14:29 #5 type] 
Type Time is not enhanced.

[2018-05-18 22:14:29 #6 type] 
Type City is not enhanced.

------------------------------------------------------------------------------------------------------------------------

[2018-05-18 22:15:00 #1 store] 
Database 'C:\Users\Amzad\eclipse-workspace\CS-332\flight1.odb' is opened by 15828@Amzad-PC

[2018-05-18 22:15:00 #2 store] 
Configuration path: ?

[2018-05-18 22:15:00 #3 type] 
Type Flight is not enhanced.

[2018-05-18 22:15:00 #4 type] 
Type Airport is not enhanced.

[2018-05-18 22:15:00 #5 type] 
Type Time is not enhanced.

[2018-05-18 22:15:00 #6 type] 
Type City is not enhanced.

------------------------------------------------------------------------------------------------------------------------

[2018-05-18 22:16:00 #1 store] 
Database 'C:\Users\Amzad\eclipse-workspace\CS-332\flight1.odb' is opened by 18260@Amzad-PC

[2018-05-18 22:16:00 #2 store] 
Configuration path: ?

[2018-05-18 22:16:00 #3 type] 
Type Flight is not enhanced.

[2018-05-18 22:16:00 #4 type] 
Type Airport is not enhanced.

[2018-05-18 22:16:00 #5 type] 
Type Time is not enhanced.

[2018-05-18 22:16:00 #6 type] 
Type City is not enhanced.

------------------------------------------------------------------------------------------------------------------------

[2018-05-18 22:16:20 #1 store] 
Database 'C:\Users\Amzad\eclipse-workspace\CS-332\flight1.odb' is opened by 5692@Amzad-PC

[2018-05-18 22:16:20 #2 store] 
Configuration path: ?

[2018-05-18 22:16:20 #3 type] 
Type Flight is not enhanced.

[2018-05-18 22:16:20 #4 type] 
Type Airport is not enhanced.

[2018-05-18 22:16:20 #5 type] 
Type Time is not enhanced.

[2018-05-18 22:16:20 #6 type] 
Type City is not enhanced.

------------------------------------------------------------------------------------------------------------------------

[2018-05-18 22:16:48 #1 store] 
Database 'C:\Users\Amzad\eclipse-workspace\CS-332\flight1.odb' is opened by 10116@Amzad-PC

[2018-05-18 22:16:48 #2 store] 
Configuration path: ?

[2018-05-18 22:16:48 #3 type] 
Type Flight is not enhanced.

[2018-05-18 22:16:48 #4 type] 
Type Airport is not enhanced.

[2018-05-18 22:16:48 #5 type] 
Type Time is not enhanced.

[2018-05-18 22:16:48 #6 type] 
Type City is not enhanced.

------------------------------------------------------------------------------------------------------------------------

[2018-05-18 22:18:38 #1 store] 
Database 'C:\Users\Amzad\eclipse-workspace\CS-332\flight1.odb' is opened by 16228@Amzad-PC

[2018-05-18 22:18:38 #2 store] 
Configuration path: ?

[2018-05-18 22:18:38 #3 type] 
Type Flight is not enhanced.

[2018-05-18 22:18:38 #4 type] 
Type Airport is not enhanced.

[2018-05-18 22:18:38 #5 type] 
Type Time is not enhanced.

[2018-05-18 22:18:38 #6 type] 
Type City is not enhanced.

------------------------------------------------------------------------------------------------------------------------

[2018-05-18 22:18:55 #1 store] 
Database 'C:\Users\Amzad\eclipse-workspace\CS-332\flight1.odb' is opened by 14616@Amzad-PC

[2018-05-18 22:18:55 #2 store] 
Configuration path: ?

[2018-05-18 22:18:55 #3 type] 
Type Flight is not enhanced.

[2018-05-18 22:18:55 #4 type] 
Type Airport is not enhanced.

[2018-05-18 22:18:55 #5 type] 
Type Time is not enhanced.

[2018-05-18 22:18:55 #6 type] 
Type City is not enhanced.

------------------------------------------------------------------------------------------------------------------------

[2018-05-18 22:19:19 #1 store] 
Database 'C:\Users\Amzad\eclipse-workspace\CS-332\flight1.odb' is opened by 6636@Amzad-PC

[2018-05-18 22:19:19 #2 store] 
Configuration path: ?

[2018-05-18 22:19:19 #3 type] 
Type Flight is not enhanced.

[2018-05-18 22:19:19 #4 type] 
Type Airport is not enhanced.

[2018-05-18 22:19:19 #5 type] 
Type Time is not enhanced.

[2018-05-18 22:19:19 #6 type] 
Type City is not enhanced.

------------------------------------------------------------------------------------------------------------------------

[2018-05-18 22:19:29 #1 store] 
Database 'C:\Users\Amzad\eclipse-workspace\CS-332\flight1.odb' is opened by 5604@Amzad-PC

[2018-05-18 22:19:29 #2 store] 
Configuration path: ?

[2018-05-18 22:19:29 #3 type] 
Type Flight is not enhanced.

[2018-05-18 22:19:29 #4 type] 
Type Airport is not enhanced.

[2018-05-18 22:19:29 #5 type] 
Type Time is not enhanced.

[2018-05-18 22:19:29 #6 type] 
Type City is not enhanced.

------------------------------------------------------------------------------------------------------------------------

[2018-05-18 22:19:59 #1 store] 
Database 'C:\Users\Amzad\eclipse-workspace\CS-332\flight1.odb' is opened by 3468@Amzad-PC

[2018-05-18 22:19:59 #2 store] 
Configuration path: ?

[2018-05-18 22:19:59 #3 type] 
Type Flight is not enhanced.

[2018-05-18 22:19:59 #4 type] 
Type Airport is not enhanced.

[2018-05-18 22:19:59 #5 type] 
Type Time is not enhanced.

[2018-05-18 22:19:59 #6 type] 
Type City is not enhanced.

------------------------------------------------------------------------------------------------------------------------

[2018-05-18 22:20:23 #1 store] 
Database 'C:\Users\Amzad\eclipse-workspace\CS-332\flight1.odb' is opened by 888@Amzad-PC

[2018-05-18 22:20:23 #2 store] 
Configuration path: ?

[2018-05-18 22:20:23 #3 type] 
Type Flight is not enhanced.

[2018-05-18 22:20:23 #4 type] 
Type Airport is not enhanced.

[2018-05-18 22:20:23 #5 type] 
Type Time is not enhanced.

[2018-05-18 22:20:23 #6 type] 
Type City is not enhanced.

------------------------------------------------------------------------------------------------------------------------

[2018-05-18 22:20:44 #1 store] 
Database 'C:\Users\Amzad\eclipse-workspace\CS-332\flight1.odb' is opened by 5584@Amzad-PC

[2018-05-18 22:20:44 #2 store] 
Configuration path: ?

[2018-05-18 22:20:44 #3 type] 
Type Flight is not enhanced.

[2018-05-18 22:20:44 #4 type] 
Type Airport is not enhanced.

[2018-05-18 22:20:44 #5 type] 
Type Time is not enhanced.

[2018-05-18 22:20:44 #6 type] 
Type City is not enhanced.

------------------------------------------------------------------------------------------------------------------------

[2018-05-18 22:21:31 #1 store] 
Database 'C:\Users\Amzad\eclipse-workspace\CS-332\flight1.odb' is opened by 488@Amzad-PC

[2018-05-18 22:21:31 #2 store] 
Configuration path: ?

[2018-05-18 22:21:32 #3 type] 
Type Flight is not enhanced.

[2018-05-18 22:21:32 #4 type] 
Type Airport is not enhanced.

[2018-05-18 22:21:32 #5 type] 
Type Time is not enhanced.

[2018-05-18 22:21:32 #6 type] 
Type City is not enhanced.

------------------------------------------------------------------------------------------------------------------------

[2018-05-18 22:21:49 #1 store] 
Database 'C:\Users\Amzad\eclipse-workspace\CS-332\flight1.odb' is opened by 17748@Amzad-PC

[2018-05-18 22:21:49 #2 store] 
Configuration path: ?

[2018-05-18 22:21:49 #3 type] 
Type Flight is not enhanced.

[2018-05-18 22:21:49 #4 type] 
Type Airport is not enhanced.

[2018-05-18 22:21:49 #5 type] 
Type Time is not enhanced.

[2018-05-18 22:21:49 #6 type] 
Type City is not enhanced.

------------------------------------------------------------------------------------------------------------------------

[2018-05-18 22:22:14 #1 store] 
Database 'C:\Users\Amzad\eclipse-workspace\CS-332\flight1.odb' is opened by 7040@Amzad-PC

[2018-05-18 22:22:14 #2 store] 
Configuration path: ?

[2018-05-18 22:22:14 #3 type] 
Type Flight is not enhanced.

[2018-05-18 22:22:14 #4 type] 
Type Airport is not enhanced.

[2018-05-18 22:22:14 #5 type] 
Type Time is not enhanced.

[2018-05-18 22:22:14 #6 type] 
Type City is not enhanced.

------------------------------------------------------------------------------------------------------------------------

[2018-05-18 22:22:48 #1 store] 
Database 'C:\Users\Amzad\eclipse-workspace\CS-332\flight1.odb' is opened by 15884@Amzad-PC

[2018-05-18 22:22:48 #2 store] 
Configuration path: ?

[2018-05-18 22:22:48 #3 type] 
Type Flight is not enhanced.

[2018-05-18 22:22:48 #4 type] 
Type Airport is not enhanced.

[2018-05-18 22:22:48 #5 type] 
Type Time is not enhanced.

[2018-05-18 22:22:48 #6 type] 
Type City is not enhanced.

------------------------------------------------------------------------------------------------------------------------

[2018-05-18 22:23:15 #1 store] 
Database 'C:\Users\Amzad\eclipse-workspace\CS-332\flight1.odb' is opened by 17948@Amzad-PC

[2018-05-18 22:23:15 #2 store] 
Configuration path: ?

[2018-05-18 22:23:15 #3 type] 
Type Flight is not enhanced.

[2018-05-18 22:23:15 #4 type] 
Type Airport is not enhanced.

[2018-05-18 22:23:15 #5 type] 
Type Time is not enhanced.

[2018-05-18 22:23:15 #6 type] 
Type City is not enhanced.

------------------------------------------------------------------------------------------------------------------------

[2018-05-18 22:24:41 #1 store] 
Database 'C:\Users\Amzad\eclipse-workspace\CS-332\flight1.odb' is opened by 6612@Amzad-PC

[2018-05-18 22:24:41 #2 store] 
Configuration path: ?

[2018-05-18 22:24:41 #3 type] 
Type Flight is not enhanced.

[2018-05-18 22:24:41 #4 type] 
Type Airport is not enhanced.

[2018-05-18 22:24:41 #5 type] 
Type Time is not enhanced.

[2018-05-18 22:24:41 #6 type] 
Type City is not enhanced.

------------------------------------------------------------------------------------------------------------------------

[2018-05-18 22:26:27 #1 store] 
Database 'C:\Users\Amzad\eclipse-workspace\CS-332\flight1.odb' is opened by 2236@Amzad-PC

[2018-05-18 22:26:27 #2 store] 
Configuration path: ?

[2018-05-18 22:26:27 #3 type] 
Type Flight is not enhanced.

[2018-05-18 22:26:27 #4 type] 
Type Airport is not enhanced.

[2018-05-18 22:26:27 #5 type] 
Type Time is not enhanced.

[2018-05-18 22:26:27 #6 type] 
Type City is not enhanced.

------------------------------------------------------------------------------------------------------------------------

[2018-05-18 22:26:48 #1 store] 
Database 'C:\Users\Amzad\eclipse-workspace\CS-332\flight1.odb' is opened by 5292@Amzad-PC

[2018-05-18 22:26:48 #2 store] 
Configuration path: ?

[2018-05-18 22:26:48 #3 type] 
Type Flight is not enhanced.

[2018-05-18 22:26:48 #4 type] 
Type Airport is not enhanced.

[2018-05-18 22:26:48 #5 type] 
Type Time is not enhanced.

[2018-05-18 22:26:48 #6 type] 
Type City is not enhanced.

------------------------------------------------------------------------------------------------------------------------

[2018-05-18 22:28:07 #1 store] 
Database 'C:\Users\Amzad\eclipse-workspace\CS-332\flight1.odb' is opened by 6128@Amzad-PC

[2018-05-18 22:28:07 #2 store] 
Configuration path: ?

[2018-05-18 22:28:07 #3 type] 
Type Flight is not enhanced.

[2018-05-18 22:28:07 #4 type] 
Type Airport is not enhanced.

[2018-05-18 22:28:07 #5 type] 
Type Time is not enhanced.

[2018-05-18 22:28:08 #6 type] 
Type City is not enhanced.

[2018-05-18 22:28:08 #7 store] 
Database 'C:\Users\Amzad\eclipse-workspace\CS-332\flight1.odb' is closed by 6128@Amzad-PC

------------------------------------------------------------------------------------------------------------------------

[2018-05-18 22:33:55 #1 store] 
Database 'C:\Users\Amzad\eclipse-workspace\CS-332\flight1.odb' is opened by 10884@Amzad-PC

[2018-05-18 22:33:55 #2 store] 
Configuration path: ?

[2018-05-18 22:33:55 #3 type] 
Type Flight is not enhanced.

[2018-05-18 22:33:55 #4 type] 
Type Airport is not enhanced.

[2018-05-18 22:33:55 #5 type] 
Type Time is not enhanced.

[2018-05-18 22:33:55 #6 type] 
Type City is not enhanced.

[2018-05-18 22:33:55 #7 store] 
Database 'C:\Users\Amzad\eclipse-workspace\CS-332\flight1.odb' is closed by 10884@Amzad-PC

------------------------------------------------------------------------------------------------------------------------

[2018-05-18 22:37:01 #1 store] 
Database 'C:\Users\Amzad\eclipse-workspace\CS-332\flight1.odb' is opened by 5384@Amzad-PC

[2018-05-18 22:37:01 #2 store] 
Configuration path: ?

[2018-05-18 22:37:01 #3 type] 
Type Flight is not enhanced.

[2018-05-18 22:37:01 #4 type] 
Type Airport is not enhanced.

[2018-05-18 22:37:01 #5 type] 
Type Time is not enhanced.

[2018-05-18 22:37:01 #6 type] 
Type City is not enhanced.

[2018-05-18 22:37:02 #7 store] 
Database 'C:\Users\Amzad\eclipse-workspace\CS-332\flight1.odb' is closed by 5384@Amzad-PC

------------------------------------------------------------------------------------------------------------------------

[2018-05-18 22:38:15 #1 store] 
Database 'C:\Users\Amzad\eclipse-workspace\CS-332\flight1.odb' is opened by 8880@Amzad-PC

[2018-05-18 22:38:15 #2 store] 
Configuration path: ?

[2018-05-18 22:38:15 #3 type] 
Type Flight is not enhanced.

[2018-05-18 22:38:15 #4 type] 
Type Airport is not enhanced.

[2018-05-18 22:38:15 #5 type] 
Type Time is not enhanced.

[2018-05-18 22:38:15 #6 type] 
Type City is not enhanced.

[2018-05-18 22:38:16 #7 store] 
Database 'C:\Users\Amzad\eclipse-workspace\CS-332\flight1.odb' is closed by 8880@Amzad-PC

